<?xml version="1.0" encoding="UTF-8"?>
<!-- Generated by org.testng.reporters.JUnitReportReporter -->
<testsuite hostname="Shagars-MBP.lan" failures="0" tests="2" name="runner.regressionTests" time="27.657" errors="0" timestamp="16 Mar 2024 18:18:12 GMT" skipped="0">
  <testcase classname="runner.regressionTests" name="runScenario" time="9.031"/>
  <testcase classname="runner.regressionTests" name="runScenario" time="18.626"/>
</testsuite> <!-- runner.regressionTests -->
