<?xml version="1.0" encoding="UTF-8"?>
<!-- Generated by org.testng.reporters.JUnitReportReporter -->
<testsuite hostname="Shagars-MBP.lan" failures="0" tests="2" name="runner.runner2" time="8.696" errors="0" timestamp="16 Mar 2024 16:44:40 GMT" skipped="0">
  <testcase classname="runner.runner2" name="runScenario" time="3.407"/>
  <testcase classname="runner.runner2" name="runScenario" time="5.289"/>
</testsuite> <!-- runner.runner2 -->
