<?xml version="1.0" encoding="UTF-8"?>
<!-- Generated by org.testng.reporters.JUnitReportReporter -->
<testsuite hostname="Shagars-MBP.lan" failures="0" tests="3" name="runner.testRunner" time="0.151" errors="0" timestamp="24 Feb 2024 19:51:31 GMT" skipped="0">
  <testcase classname="runner.testRunner" name="runScenario" time="0.009"/>
  <testcase classname="runner.testRunner" name="runScenario" time="0.007"/>
  <testcase classname="runner.testRunner" name="runScenario" time="0.135"/>
</testsuite> <!-- runner.testRunner -->
